\BOOKMARK [1][-]{section.9}{1 Introduction}{}% 1
\BOOKMARK [1][-]{section.12}{2 Motivation}{}% 2
\BOOKMARK [1][-]{section.13}{3 Fundamentals}{}% 3
\BOOKMARK [2][-]{subsection.14}{3.1 Spatial hearing}{section.13}% 4
\BOOKMARK [2][-]{subsection.15}{3.2 Principles of 3D-audio}{section.13}% 5
\BOOKMARK [2][-]{subsection.18}{3.3 Training results}{section.13}% 6
\BOOKMARK [1][-]{section.21}{4 Approach}{}% 7
\BOOKMARK [2][-]{subsection.22}{4.1 Design principles}{section.21}% 8
\BOOKMARK [2][-]{subsection.32}{4.2 Unity overview}{section.21}% 9
\BOOKMARK [2][-]{subsection.35}{4.3 Orientation on LiSN \046 Learn software}{section.21}% 10
\BOOKMARK [2][-]{subsection.52}{4.4 Visuals}{section.21}% 11
\BOOKMARK [1][-]{section.55}{5 Concept}{}% 12
\BOOKMARK [2][-]{subsection.56}{5.1 Training Game}{section.55}% 13
\BOOKMARK [3][-]{subsubsection.57}{5.1.1 Audio Sources}{subsection.56}% 14
\BOOKMARK [3][-]{subsubsection.62}{5.1.2 Word databases}{subsection.56}% 15
\BOOKMARK [2][-]{subsection.64}{5.2 Asset management}{section.55}% 16
\BOOKMARK [2][-]{subsection.65}{5.3 Progress tracking}{section.55}% 17
\BOOKMARK [2][-]{subsection.69}{5.4 User interface}{section.55}% 18
\BOOKMARK [1][-]{section.76}{6 Conclusion}{}% 19
\BOOKMARK [1][-]{section*.78}{List of Figures}{}% 20
\BOOKMARK [1][-]{section*.78}{Sources}{}% 21
